mode: set
github.com/yash/sidekick/internal/config/config.go:18.21,28.2 2 1
github.com/yash/sidekick/internal/config/config.go:30.32,32.2 1 1
github.com/yash/sidekick/internal/config/config.go:34.42,35.34 1 1
github.com/yash/sidekick/internal/config/config.go:35.34,37.3 1 1
github.com/yash/sidekick/internal/config/config.go:38.2,38.17 1 1
github.com/yash/sidekick/internal/config/config.go:41.46,42.34 1 1
github.com/yash/sidekick/internal/config/config.go:42.34,43.44 1 1
github.com/yash/sidekick/internal/config/config.go:43.44,45.4 1 1
github.com/yash/sidekick/internal/config/config.go:47.2,47.17 1 1
github.com/yash/sidekick/internal/config/config.go:50.56,51.34 1 1
github.com/yash/sidekick/internal/config/config.go:51.34,52.54 1 1
github.com/yash/sidekick/internal/config/config.go:52.54,54.4 1 1
github.com/yash/sidekick/internal/config/config.go:56.2,56.17 1 1
github.com/yash/sidekick/cmd/sidekick/main.go:23.13,32.16 7 0
github.com/yash/sidekick/cmd/sidekick/main.go:32.16,35.3 2 0
github.com/yash/sidekick/cmd/sidekick/main.go:37.2,63.12 12 0
github.com/yash/sidekick/cmd/sidekick/main.go:63.12,66.77 3 0
github.com/yash/sidekick/cmd/sidekick/main.go:66.77,69.4 2 0
github.com/yash/sidekick/cmd/sidekick/main.go:72.2,80.42 7 0
github.com/yash/sidekick/cmd/sidekick/main.go:80.42,82.3 1 0
github.com/yash/sidekick/cmd/sidekick/main.go:83.2,83.33 1 0
github.com/yash/sidekick/internal/dashboard/dashboard.go:19.82,32.60 7 1
github.com/yash/sidekick/internal/dashboard/dashboard.go:32.60,35.3 2 1
github.com/yash/sidekick/internal/dashboard/dashboard.go:37.2,39.10 2 1
github.com/yash/sidekick/internal/dashboard/dashboard.go:42.77,43.54 1 1
github.com/yash/sidekick/internal/dashboard/dashboard.go:43.54,48.3 4 1
github.com/yash/sidekick/internal/dashboard/dashboard.go:51.57,52.54 1 1
github.com/yash/sidekick/internal/dashboard/dashboard.go:52.54,60.3 2 1
github.com/yash/sidekick/internal/logging/logger.go:15.20,20.2 1 0
github.com/yash/sidekick/internal/logging/logger.go:22.51,24.2 1 0
github.com/yash/sidekick/internal/logging/logger.go:26.52,28.2 1 0
github.com/yash/sidekick/internal/metrics/metrics.go:36.39,41.84 3 1
github.com/yash/sidekick/internal/metrics/metrics.go:41.84,43.3 1 1
github.com/yash/sidekick/internal/metrics/metrics.go:46.2,47.12 2 1
github.com/yash/sidekick/internal/metrics/metrics.go:47.12,47.60 2 1
github.com/yash/sidekick/internal/metrics/metrics.go:49.2,50.28 2 1
github.com/yash/sidekick/internal/metrics/metrics.go:50.28,52.43 2 1
github.com/yash/sidekick/internal/metrics/metrics.go:52.43,53.12 1 0
github.com/yash/sidekick/internal/metrics/metrics.go:55.3,58.46 4 1
github.com/yash/sidekick/internal/metrics/metrics.go:61.2,62.12 2 1
github.com/yash/sidekick/internal/metrics/metrics.go:62.12,62.62 2 1
github.com/yash/sidekick/internal/metrics/metrics.go:64.2,65.28 2 1
github.com/yash/sidekick/internal/metrics/metrics.go:65.28,67.43 2 1
github.com/yash/sidekick/internal/metrics/metrics.go:67.43,68.12 1 0
github.com/yash/sidekick/internal/metrics/metrics.go:70.3,73.24 4 1
github.com/yash/sidekick/internal/metrics/metrics.go:76.2,76.35 1 1
github.com/yash/sidekick/internal/metrics/metrics.go:76.35,84.55 3 1
github.com/yash/sidekick/internal/metrics/metrics.go:84.55,87.17 3 1
github.com/yash/sidekick/internal/metrics/metrics.go:87.17,89.5 1 1
github.com/yash/sidekick/internal/metrics/metrics.go:91.3,91.40 1 1
github.com/yash/sidekick/internal/metrics/metrics.go:94.2,94.13 1 1
github.com/yash/sidekick/internal/metrics/metrics.go:97.58,99.28 2 1
github.com/yash/sidekick/internal/metrics/metrics.go:99.28,101.3 1 1
github.com/yash/sidekick/internal/metrics/metrics.go:102.2,102.10 1 1
github.com/yash/sidekick/internal/metrics/metrics.go:105.37,109.24 4 1
github.com/yash/sidekick/internal/metrics/metrics.go:109.24,110.15 1 1
github.com/yash/sidekick/internal/metrics/metrics.go:110.15,114.4 3 1
github.com/yash/sidekick/internal/metrics/metrics.go:116.2,117.14 2 1
github.com/yash/sidekick/internal/metrics/metrics.go:121.21,123.2 1 0
github.com/yash/sidekick/internal/metrics/metrics.go:127.58,152.2 2 1
github.com/yash/sidekick/internal/middleware/health.go:15.37,16.54 1 1
github.com/yash/sidekick/internal/middleware/health.go:16.54,23.3 3 1
github.com/yash/sidekick/internal/middleware/logging.go:17.63,19.2 1 1
github.com/yash/sidekick/internal/middleware/logging.go:21.49,22.17 1 1
github.com/yash/sidekick/internal/middleware/logging.go:22.17,25.3 2 1
github.com/yash/sidekick/internal/middleware/logging.go:26.2,26.37 1 1
github.com/yash/sidekick/internal/middleware/logging.go:29.56,30.17 1 1
github.com/yash/sidekick/internal/middleware/logging.go:30.17,32.3 1 1
github.com/yash/sidekick/internal/middleware/logging.go:33.2,33.35 1 1
github.com/yash/sidekick/internal/middleware/logging.go:37.70,38.46 1 1
github.com/yash/sidekick/internal/middleware/logging.go:38.46,39.72 1 1
github.com/yash/sidekick/internal/middleware/logging.go:39.72,51.4 7 1
github.com/yash/sidekick/internal/middleware/metrics.go:12.66,13.46 1 1
github.com/yash/sidekick/internal/middleware/metrics.go:13.46,14.72 1 1
github.com/yash/sidekick/internal/middleware/metrics.go:14.72,25.4 7 1
github.com/yash/sidekick/internal/middleware/ratelimit.go:12.100,13.46 1 1
github.com/yash/sidekick/internal/middleware/ratelimit.go:13.46,14.72 1 1
github.com/yash/sidekick/internal/middleware/ratelimit.go:14.72,16.16 2 1
github.com/yash/sidekick/internal/middleware/ratelimit.go:16.16,18.5 1 1
github.com/yash/sidekick/internal/middleware/ratelimit.go:20.4,20.26 1 1
github.com/yash/sidekick/internal/middleware/ratelimit.go:20.26,29.5 6 1
github.com/yash/sidekick/internal/middleware/ratelimit.go:31.4,31.24 1 1
github.com/yash/sidekick/internal/middleware/realip.go:14.45,15.71 1 1
github.com/yash/sidekick/internal/middleware/realip.go:15.71,19.3 3 1
github.com/yash/sidekick/internal/middleware/realip.go:23.44,24.49 1 1
github.com/yash/sidekick/internal/middleware/realip.go:24.49,26.3 1 1
github.com/yash/sidekick/internal/middleware/realip.go:27.2,27.11 1 1
github.com/yash/sidekick/internal/middleware/realip.go:30.40,32.55 1 1
github.com/yash/sidekick/internal/middleware/realip.go:32.55,34.46 1 1
github.com/yash/sidekick/internal/middleware/realip.go:34.46,36.4 1 1
github.com/yash/sidekick/internal/middleware/realip.go:37.3,37.32 1 1
github.com/yash/sidekick/internal/middleware/realip.go:41.2,41.49 1 1
github.com/yash/sidekick/internal/middleware/realip.go:41.49,43.3 1 1
github.com/yash/sidekick/internal/middleware/realip.go:46.2,47.16 2 1
github.com/yash/sidekick/internal/middleware/realip.go:47.16,49.3 1 1
github.com/yash/sidekick/internal/middleware/realip.go:50.2,50.11 1 1
github.com/yash/sidekick/internal/middleware/requestid.go:15.48,16.71 1 1
github.com/yash/sidekick/internal/middleware/requestid.go:16.71,18.15 2 1
github.com/yash/sidekick/internal/middleware/requestid.go:18.15,20.4 1 1
github.com/yash/sidekick/internal/middleware/requestid.go:22.3,24.40 3 1
github.com/yash/sidekick/internal/middleware/requestid.go:29.47,30.52 1 1
github.com/yash/sidekick/internal/middleware/requestid.go:30.52,32.3 1 1
github.com/yash/sidekick/internal/middleware/requestid.go:33.2,33.11 1 1
github.com/yash/sidekick/internal/proxy/proxy.go:11.49,13.16 2 1
github.com/yash/sidekick/internal/proxy/proxy.go:13.16,15.3 1 1
github.com/yash/sidekick/internal/proxy/proxy.go:17.2,20.43 3 1
github.com/yash/sidekick/internal/proxy/proxy.go:20.43,25.3 4 1
github.com/yash/sidekick/internal/proxy/proxy.go:27.2,27.57 1 1
github.com/yash/sidekick/internal/proxy/proxy.go:27.57,30.3 2 1
github.com/yash/sidekick/internal/proxy/proxy.go:32.2,32.19 1 1
github.com/yash/sidekick/internal/ratelimit/ratelimit.go:23.48,31.2 3 1
github.com/yash/sidekick/internal/ratelimit/ratelimit.go:34.47,40.13 5 1
github.com/yash/sidekick/internal/ratelimit/ratelimit.go:40.13,46.3 2 1
github.com/yash/sidekick/internal/ratelimit/ratelimit.go:49.2,51.34 3 1
github.com/yash/sidekick/internal/ratelimit/ratelimit.go:51.34,53.3 1 1
github.com/yash/sidekick/internal/ratelimit/ratelimit.go:54.2,56.19 2 1
github.com/yash/sidekick/internal/ratelimit/ratelimit.go:56.19,59.3 2 1
github.com/yash/sidekick/internal/ratelimit/ratelimit.go:61.2,61.14 1 1
github.com/yash/sidekick/internal/ratelimit/ratelimit.go:65.34,69.21 3 1
github.com/yash/sidekick/internal/ratelimit/ratelimit.go:69.21,72.34 3 0
github.com/yash/sidekick/internal/ratelimit/ratelimit.go:72.34,74.45 1 0
github.com/yash/sidekick/internal/ratelimit/ratelimit.go:74.45,76.5 1 0
github.com/yash/sidekick/internal/ratelimit/ratelimit.go:78.3,78.17 1 0
